<?xml version="1.0" encoding="UTF-8"?>
<!-- Generated by org.testng.reporters.JUnitXMLReporter -->
<testsuite ignored="2" hostname="U-DD2X5T3" failures="0" tests="1" name="Default test" time="5.54" errors="0" timestamp="2023-07-11T15:22:32 IST">
  <testcase classname="pack2.HandlingCookiesAndHeaders" name="logMethods" time="5.488"/>
  <testcase classname="pack2.HandlingCookiesAndHeaders" name="handlingHeaders" time="0.0">
    <ignored/>
  </testcase> <!-- handlingHeaders -->
  <testcase classname="pack2.HandlingCookiesAndHeaders" name="handlingCookies" time="0.0">
    <ignored/>
  </testcase> <!-- handlingCookies -->
</testsuite> <!-- Default test -->
