<?xml version="1.0" encoding="UTF-8"?>
<!-- Generated by org.testng.reporters.JUnitXMLReporter -->
<testsuite ignored="0" hostname="U-DD2X5T3" failures="0" tests="4" name="Default test" time="4.957" errors="0" timestamp="2023-07-06T11:29:12 IST">
  <testcase classname="pack1.HttpReq_API_Testing" name="deleteUser" time="2.174"/>
  <testcase classname="pack1.HttpReq_API_Testing" name="getUsers" time="1.006"/>
  <testcase classname="pack1.HttpReq_API_Testing" name="createUser" time="1.078"/>
  <testcase classname="pack1.HttpReq_API_Testing" name="updateUser" time="0.623"/>
</testsuite> <!-- Default test -->
