<?xml version="1.0" encoding="UTF-8"?>
<testng-results ignored="0" total="1" passed="1" failed="0" skipped="0">
  <reporter-output>
  </reporter-output>
  <suite started-at="2023-07-11T15:22:26 IST" name="Default suite" finished-at="2023-07-11T15:22:32 IST" duration-ms="5540">
    <groups>
    </groups>
    <test started-at="2023-07-11T15:22:26 IST" name="Default test" finished-at="2023-07-11T15:22:32 IST" duration-ms="5540">
      <class name="pack2.HandlingCookiesAndHeaders">
        <test-method signature="logMethods()[pri:0, instance:pack2.HandlingCookiesAndHeaders@6e0f5f7f]" started-at="2023-07-11T15:22:26 IST" name="logMethods" finished-at="2023-07-11T15:22:32 IST" duration-ms="5488" status="PASS">
          <reporter-output>
          </reporter-output>
        </test-method> <!-- logMethods -->
      </class> <!-- pack2.HandlingCookiesAndHeaders -->
    </test> <!-- Default test -->
  </suite> <!-- Default suite -->
</testng-results>
