<?xml version="1.0" encoding="UTF-8"?>
<testng-results ignored="0" total="4" passed="4" failed="0" skipped="0">
  <reporter-output>
  </reporter-output>
  <suite started-at="2023-07-06T11:29:07 IST" name="Default suite" finished-at="2023-07-06T11:29:12 IST" duration-ms="4957">
    <groups>
    </groups>
    <test started-at="2023-07-06T11:29:07 IST" name="Default test" finished-at="2023-07-06T11:29:12 IST" duration-ms="4957">
      <class name="pack1.HttpReq_API_Testing">
        <test-method signature="deleteUser()[pri:0, instance:pack1.HttpReq_API_Testing@6e0f5f7f]" started-at="2023-07-06T11:29:07 IST" name="deleteUser" finished-at="2023-07-06T11:29:09 IST" duration-ms="2174" status="PASS">
          <reporter-output>
          </reporter-output>
        </test-method> <!-- deleteUser -->
        <test-method signature="getUsers()[pri:1, instance:pack1.HttpReq_API_Testing@6e0f5f7f]" started-at="2023-07-06T11:29:09 IST" name="getUsers" finished-at="2023-07-06T11:29:10 IST" duration-ms="1006" status="PASS">
          <reporter-output>
          </reporter-output>
        </test-method> <!-- getUsers -->
        <test-method signature="createUser()[pri:2, instance:pack1.HttpReq_API_Testing@6e0f5f7f]" started-at="2023-07-06T11:29:10 IST" name="createUser" finished-at="2023-07-06T11:29:11 IST" duration-ms="1078" status="PASS">
          <reporter-output>
          </reporter-output>
        </test-method> <!-- createUser -->
        <test-method signature="updateUser()[pri:3, instance:pack1.HttpReq_API_Testing@6e0f5f7f]" started-at="2023-07-06T11:29:11 IST" name="updateUser" finished-at="2023-07-06T11:29:12 IST" depends-on-methods="pack1.HttpReq_API_Testing.createUser" duration-ms="623" status="PASS">
          <reporter-output>
          </reporter-output>
        </test-method> <!-- updateUser -->
      </class> <!-- pack1.HttpReq_API_Testing -->
    </test> <!-- Default test -->
  </suite> <!-- Default suite -->
</testng-results>
